{"total": {"lines":{"total":822,"covered":817,"skipped":0,"pct":99.39},"statements":{"total":868,"covered":862,"skipped":0,"pct":99.3},"functions":{"total":168,"covered":167,"skipped":0,"pct":99.4},"branches":{"total":315,"covered":312,"skipped":0,"pct":99.04},"branchesTrue":{"total":0,"covered":0,"skipped":0,"pct":100}}
,"/home/juanito/git/easy-git-annex/src/git-annex-accessor.ts": {"lines":{"total":286,"covered":286,"skipped":0,"pct":100},"functions":{"total":97,"covered":97,"skipped":0,"pct":100},"statements":{"total":290,"covered":290,"skipped":0,"pct":100},"branches":{"total":44,"covered":44,"skipped":0,"pct":100}}
,"/home/juanito/git/easy-git-annex/src/index.ts": {"lines":{"total":82,"covered":82,"skipped":0,"pct":100},"functions":{"total":1,"covered":1,"skipped":0,"pct":100},"statements":{"total":82,"covered":82,"skipped":0,"pct":100},"branches":{"total":0,"covered":0,"skipped":0,"pct":100}}
,"/home/juanito/git/easy-git-annex/src/helpers/command-options.ts": {"lines":{"total":43,"covered":43,"skipped":0,"pct":100},"functions":{"total":4,"covered":4,"skipped":0,"pct":100},"statements":{"total":43,"covered":43,"skipped":0,"pct":100},"branches":{"total":15,"covered":15,"skipped":0,"pct":100}}
,"/home/juanito/git/easy-git-annex/src/helpers/creators.ts": {"lines":{"total":16,"covered":16,"skipped":0,"pct":100},"functions":{"total":3,"covered":3,"skipped":0,"pct":100},"statements":{"total":17,"covered":17,"skipped":0,"pct":100},"branches":{"total":8,"covered":8,"skipped":0,"pct":100}}
,"/home/juanito/git/easy-git-annex/src/helpers/get-branches.ts": {"lines":{"total":8,"covered":8,"skipped":0,"pct":100},"functions":{"total":1,"covered":1,"skipped":0,"pct":100},"statements":{"total":8,"covered":8,"skipped":0,"pct":100},"branches":{"total":2,"covered":2,"skipped":0,"pct":100}}
,"/home/juanito/git/easy-git-annex/src/helpers/get-finds.ts": {"lines":{"total":6,"covered":6,"skipped":0,"pct":100},"functions":{"total":1,"covered":1,"skipped":0,"pct":100},"statements":{"total":6,"covered":6,"skipped":0,"pct":100},"branches":{"total":0,"covered":0,"skipped":0,"pct":100}}
,"/home/juanito/git/easy-git-annex/src/helpers/get-line-starting.ts": {"lines":{"total":7,"covered":7,"skipped":0,"pct":100},"functions":{"total":3,"covered":3,"skipped":0,"pct":100},"statements":{"total":8,"covered":8,"skipped":0,"pct":100},"branches":{"total":8,"covered":8,"skipped":0,"pct":100}}
,"/home/juanito/git/easy-git-annex/src/helpers/get-logs.ts": {"lines":{"total":6,"covered":6,"skipped":0,"pct":100},"functions":{"total":1,"covered":1,"skipped":0,"pct":100},"statements":{"total":6,"covered":6,"skipped":0,"pct":100},"branches":{"total":0,"covered":0,"skipped":0,"pct":100}}
,"/home/juanito/git/easy-git-annex/src/helpers/get-refs.ts": {"lines":{"total":6,"covered":6,"skipped":0,"pct":100},"functions":{"total":1,"covered":1,"skipped":0,"pct":100},"statements":{"total":6,"covered":6,"skipped":0,"pct":100},"branches":{"total":2,"covered":2,"skipped":0,"pct":100}}
,"/home/juanito/git/easy-git-annex/src/helpers/get-shows.ts": {"lines":{"total":6,"covered":6,"skipped":0,"pct":100},"functions":{"total":1,"covered":1,"skipped":0,"pct":100},"statements":{"total":6,"covered":6,"skipped":0,"pct":100},"branches":{"total":0,"covered":0,"skipped":0,"pct":100}}
,"/home/juanito/git/easy-git-annex/src/helpers/get-tags.ts": {"lines":{"total":3,"covered":3,"skipped":0,"pct":100},"functions":{"total":1,"covered":1,"skipped":0,"pct":100},"statements":{"total":3,"covered":3,"skipped":0,"pct":100},"branches":{"total":2,"covered":2,"skipped":0,"pct":100}}
,"/home/juanito/git/easy-git-annex/src/helpers/get-whereis.ts": {"lines":{"total":6,"covered":6,"skipped":0,"pct":100},"functions":{"total":1,"covered":1,"skipped":0,"pct":100},"statements":{"total":6,"covered":6,"skipped":0,"pct":100},"branches":{"total":0,"covered":0,"skipped":0,"pct":100}}
,"/home/juanito/git/easy-git-annex/src/helpers/git-path.ts": {"lines":{"total":8,"covered":6,"skipped":0,"pct":75},"functions":{"total":3,"covered":2,"skipped":0,"pct":66.66},"statements":{"total":9,"covered":6,"skipped":0,"pct":66.66},"branches":{"total":2,"covered":2,"skipped":0,"pct":100}}
,"/home/juanito/git/easy-git-annex/src/helpers/parse-command-options.ts": {"lines":{"total":160,"covered":160,"skipped":0,"pct":100},"functions":{"total":10,"covered":10,"skipped":0,"pct":100},"statements":{"total":168,"covered":168,"skipped":0,"pct":100},"branches":{"total":139,"covered":139,"skipped":0,"pct":100}}
,"/home/juanito/git/easy-git-annex/src/helpers/parsers.ts": {"lines":{"total":22,"covered":19,"skipped":0,"pct":86.36},"functions":{"total":4,"covered":4,"skipped":0,"pct":100},"statements":{"total":22,"covered":19,"skipped":0,"pct":86.36},"branches":{"total":12,"covered":10,"skipped":0,"pct":83.33}}
,"/home/juanito/git/easy-git-annex/src/helpers/run-command.ts": {"lines":{"total":58,"covered":58,"skipped":0,"pct":100},"functions":{"total":13,"covered":13,"skipped":0,"pct":100},"statements":{"total":58,"covered":58,"skipped":0,"pct":100},"branches":{"total":27,"covered":26,"skipped":0,"pct":96.29}}
,"/home/juanito/git/easy-git-annex/src/helpers/safe-parse.ts": {"lines":{"total":13,"covered":13,"skipped":0,"pct":100},"functions":{"total":3,"covered":3,"skipped":0,"pct":100},"statements":{"total":13,"covered":13,"skipped":0,"pct":100},"branches":{"total":5,"covered":5,"skipped":0,"pct":100}}
,"/home/juanito/git/easy-git-annex/src/helpers/type-predicates.ts": {"lines":{"total":60,"covered":60,"skipped":0,"pct":100},"functions":{"total":17,"covered":17,"skipped":0,"pct":100},"statements":{"total":91,"covered":91,"skipped":0,"pct":100},"branches":{"total":43,"covered":43,"skipped":0,"pct":100}}
,"/home/juanito/git/easy-git-annex/src/interfaces/remote-options.ts": {"lines":{"total":11,"covered":11,"skipped":0,"pct":100},"functions":{"total":1,"covered":1,"skipped":0,"pct":100},"statements":{"total":11,"covered":11,"skipped":0,"pct":100},"branches":{"total":2,"covered":2,"skipped":0,"pct":100}}
,"/home/juanito/git/easy-git-annex/src/interfaces/repository-info.ts": {"lines":{"total":4,"covered":4,"skipped":0,"pct":100},"functions":{"total":1,"covered":1,"skipped":0,"pct":100},"statements":{"total":4,"covered":4,"skipped":0,"pct":100},"branches":{"total":2,"covered":2,"skipped":0,"pct":100}}
,"/home/juanito/git/easy-git-annex/src/interfaces/stash-options.ts": {"lines":{"total":11,"covered":11,"skipped":0,"pct":100},"functions":{"total":1,"covered":1,"skipped":0,"pct":100},"statements":{"total":11,"covered":11,"skipped":0,"pct":100},"branches":{"total":2,"covered":2,"skipped":0,"pct":100}}
}
